2020-01-02 14:49:40  [ nioEventLoopGroup-3-1:0 ] - [ INFO ]  客户端注册；通道ID:53c1d1f1
2020-01-02 14:49:40  [ nioEventLoopGroup-3-1:4 ] - [ INFO ]  客户端上线；通道ID:53c1d1f1
2020-01-02 14:49:40  [ nioEventLoopGroup-3-1:46 ] - [ INFO ]  接收到客户端发来的消息："com.jian.util.ReslutUtil@5a2cd1d9" ，通道ID:53c1d1f1
2020-01-02 14:50:59  [ nioEventLoopGroup-3-1:0 ] - [ INFO ]  客户端注册；通道ID:9ef34eba
2020-01-02 14:50:59  [ nioEventLoopGroup-3-1:3 ] - [ INFO ]  客户端上线；通道ID:9ef34eba
2020-01-02 14:50:59  [ nioEventLoopGroup-3-1:47 ] - [ INFO ]  接收到客户端发来的消息："com.jian.util.ReslutUtil@634b76d" ，通道ID:9ef34eba
2020-01-02 14:52:37  [ nioEventLoopGroup-3-1:0 ] - [ INFO ]  客户端注册；通道ID:baf8909f
2020-01-02 14:52:37  [ nioEventLoopGroup-3-1:15 ] - [ INFO ]  客户端上线；通道ID:baf8909f
2020-01-02 14:52:37  [ nioEventLoopGroup-3-1:58 ] - [ INFO ]  接收到客户端发来的消息："com.jian.util.ReslutUtil@13daff4e" ，通道ID:baf8909f
2020-01-02 14:53:34  [ nioEventLoopGroup-3-1:0 ] - [ INFO ]  客户端注册；通道ID:a7dc6226
2020-01-02 14:53:34  [ nioEventLoopGroup-3-1:3 ] - [ INFO ]  客户端上线；通道ID:a7dc6226
2020-01-02 14:53:34  [ nioEventLoopGroup-3-1:46 ] - [ INFO ]  接收到客户端发来的消息："com.jian.util.ReslutUtil@1dcd23dc" ，通道ID:a7dc6226
2020-01-02 14:54:51  [ nioEventLoopGroup-3-1:0 ] - [ INFO ]  客户端注册；通道ID:49ae1368
2020-01-02 14:54:51  [ nioEventLoopGroup-3-1:3 ] - [ INFO ]  客户端上线；通道ID:49ae1368
2020-01-02 14:54:51  [ nioEventLoopGroup-3-1:47 ] - [ INFO ]  接收到客户端发来的消息："com.jian.util.ReslutUtil@2743b40" ，通道ID:49ae1368
2020-01-02 14:55:34  [ nioEventLoopGroup-3-1:0 ] - [ INFO ]  客户端注册；通道ID:d128e28e
2020-01-02 14:55:34  [ nioEventLoopGroup-3-1:3 ] - [ INFO ]  客户端上线；通道ID:d128e28e
2020-01-02 14:55:34  [ nioEventLoopGroup-3-1:68 ] - [ INFO ]  接收到客户端发来的消息："com.jian.util.ReslutUtil@41bdb960" ，通道ID:d128e28e
2020-01-02 14:55:45  [ nioEventLoopGroup-3-1:11005 ] - [ INFO ]  客户端关闭，通道ID：d128e28e
2020-01-02 14:56:33  [ nioEventLoopGroup-3-2:58945 ] - [ INFO ]  客户端注册；通道ID:29e1638d
2020-01-02 14:56:33  [ nioEventLoopGroup-3-2:58945 ] - [ INFO ]  客户端上线；通道ID:29e1638d
2020-01-02 14:56:33  [ nioEventLoopGroup-3-2:58990 ] - [ INFO ]  接收到客户端发来的消息："com.jian.util.ReslutUtil@a8a0450" ，通道ID:29e1638d
2020-01-02 14:57:49  [ nioEventLoopGroup-3-1:0 ] - [ INFO ]  客户端注册；通道ID:e3ce849c
2020-01-02 14:57:49  [ nioEventLoopGroup-3-1:3 ] - [ INFO ]  客户端上线；通道ID:e3ce849c
2020-01-02 14:57:49  [ nioEventLoopGroup-3-1:42 ] - [ INFO ]  接收到客户端发来的消息："com.jian.util.ReslutUtil@6292ee0a" ，通道ID:e3ce849c
2020-01-02 14:58:10  [ nioEventLoopGroup-3-2:20640 ] - [ INFO ]  客户端注册；通道ID:e979f53c
2020-01-02 14:58:10  [ nioEventLoopGroup-3-2:20640 ] - [ INFO ]  客户端上线；通道ID:e979f53c
2020-01-02 14:58:10  [ nioEventLoopGroup-3-2:20641 ] - [ INFO ]  接收到客户端发来的消息："com.jian.util.ReslutUtil@7e6b38cc" ，通道ID:e979f53c
2020-01-02 14:59:42  [ nioEventLoopGroup-3-1:113189 ] - [ INFO ]  客户端关闭，通道ID：e3ce849c
2020-01-02 14:59:42  [ nioEventLoopGroup-3-2:113190 ] - [ INFO ]  客户端关闭，通道ID：e979f53c
2020-01-02 15:00:04  [ nioEventLoopGroup-3-3:134645 ] - [ INFO ]  客户端注册；通道ID:61b3bc08
2020-01-02 15:00:04  [ nioEventLoopGroup-3-3:134645 ] - [ INFO ]  客户端上线；通道ID:61b3bc08
2020-01-02 15:00:04  [ nioEventLoopGroup-3-4:134671 ] - [ INFO ]  客户端注册；通道ID:57a2b454
2020-01-02 15:00:04  [ nioEventLoopGroup-3-4:134671 ] - [ INFO ]  客户端上线；通道ID:57a2b454
2020-01-02 15:00:13  [ nioEventLoopGroup-3-4:144207 ] - [ INFO ]  接收到客户端发来的消息：pp ，通道ID:57a2b454
2020-01-02 15:01:50  [ nioEventLoopGroup-3-1:0 ] - [ INFO ]  客户端注册；通道ID:d219681c
2020-01-02 15:01:50  [ nioEventLoopGroup-3-1:4 ] - [ INFO ]  客户端上线；通道ID:d219681c
2020-01-02 15:02:00  [ nioEventLoopGroup-3-1:10220 ] - [ INFO ]  接收到客户端发来的消息：777 ，通道ID:d219681c
2020-01-02 15:02:11  [ nioEventLoopGroup-3-1:21010 ] - [ INFO ]  客户端关闭，通道ID：d219681c
2020-01-02 15:02:21  [ nioEventLoopGroup-3-2:31373 ] - [ INFO ]  客户端注册；通道ID:7cf5c728
2020-01-02 15:02:21  [ nioEventLoopGroup-3-2:31373 ] - [ INFO ]  客户端上线；通道ID:7cf5c728
2020-01-02 15:02:25  [ nioEventLoopGroup-3-2:35449 ] - [ INFO ]  接收到客户端发来的消息：999 ，通道ID:7cf5c728
2020-01-02 15:03:08  [ nioEventLoopGroup-3-1:0 ] - [ INFO ]  客户端注册；通道ID:5a8a15f3
2020-01-02 15:03:08  [ nioEventLoopGroup-3-1:2 ] - [ INFO ]  客户端上线；通道ID:5a8a15f3
2020-01-02 15:03:12  [ nioEventLoopGroup-3-1:4619 ] - [ INFO ]  接收到客户端发来的消息：8888 ，通道ID:5a8a15f3
2020-01-02 15:03:17  [ nioEventLoopGroup-3-1:9500 ] - [ INFO ]  接收到客户端发来的消息：/// ，通道ID:5a8a15f3
2020-01-02 15:03:24  [ nioEventLoopGroup-3-1:16308 ] - [ INFO ]  接收到客户端发来的消息：/n ，通道ID:5a8a15f3
2020-01-02 15:03:30  [ nioEventLoopGroup-3-1:22124 ] - [ INFO ]  接收到客户端发来的消息：/n8888 ，通道ID:5a8a15f3
2020-01-02 15:04:37  [ nioEventLoopGroup-3-1:0 ] - [ INFO ]  客户端注册；通道ID:7fb97e81
2020-01-02 15:04:37  [ nioEventLoopGroup-3-1:3 ] - [ INFO ]  客户端上线；通道ID:7fb97e81
2020-01-02 15:04:42  [ nioEventLoopGroup-3-1:4836 ] - [ INFO ]  接收到客户端发来的消息：8888 ，通道ID:7fb97e81
2020-01-02 15:05:22  [ nioEventLoopGroup-3-1:0 ] - [ INFO ]  客户端注册；通道ID:6102a9a0
2020-01-02 15:05:22  [ nioEventLoopGroup-3-1:3 ] - [ INFO ]  客户端上线；通道ID:6102a9a0
2020-01-02 15:05:24  [ nioEventLoopGroup-3-1:2335 ] - [ INFO ]  接收到客户端发来的消息：9999 ，通道ID:6102a9a0
2020-01-02 15:05:28  [ nioEventLoopGroup-3-1:6352 ] - [ INFO ]  接收到客户端发来的消息：9999 ，通道ID:6102a9a0
2020-01-02 15:05:44  [ nioEventLoopGroup-3-1:22472 ] - [ INFO ]  接收到客户端发来的消息：hello ，通道ID:6102a9a0
2020-01-02 15:24:41  [ nioEventLoopGroup-3-1:0 ] - [ INFO ]  客户端注册；通道ID:a2ea3562
2020-01-02 15:24:41  [ nioEventLoopGroup-3-1:3 ] - [ INFO ]  客户端上线；通道ID:a2ea3562
2020-01-02 15:24:47  [ nioEventLoopGroup-3-1:5954 ] - [ INFO ]  接收到客户端发来的消息：9999 ，通道ID:a2ea3562
2020-01-02 15:24:54  [ nioEventLoopGroup-3-1:13368 ] - [ INFO ]  接收到客户端发来的消息：com.jian.util.ReslutUtil@30a09bd2 ，通道ID:a2ea3562
2020-01-02 15:25:00  [ nioEventLoopGroup-3-1:19465 ] - [ INFO ]  接收到客户端发来的消息：com.jian.util.ReslutUtil@2b624ff9 ，通道ID:a2ea3562
2020-01-02 15:26:56  [ nioEventLoopGroup-3-2:135384 ] - [ INFO ]  客户端注册；通道ID:5dce768c
2020-01-02 15:26:56  [ nioEventLoopGroup-3-2:135385 ] - [ INFO ]  客户端上线；通道ID:5dce768c
2020-01-02 15:27:09  [ nioEventLoopGroup-3-3:148185 ] - [ INFO ]  客户端注册；通道ID:67387b88
2020-01-02 15:27:09  [ nioEventLoopGroup-3-3:148186 ] - [ INFO ]  客户端上线；通道ID:67387b88
2020-01-02 15:27:31  [ nioEventLoopGroup-3-3:170339 ] - [ INFO ]  接收到客户端发来的消息：com.jian.util.ReslutUtil@65ef1cd8 ，通道ID:67387b88
2020-01-02 15:28:10  [ nioEventLoopGroup-3-3:209584 ] - [ INFO ]  接收到客户端发来的消息：com.jian.util.ReslutUtil@1d5bf61f ，通道ID:67387b88
2020-01-02 15:31:19  [ nioEventLoopGroup-3-1:1 ] - [ INFO ]  客户端注册；通道ID:28d4fe69
2020-01-02 15:31:19  [ nioEventLoopGroup-3-1:4 ] - [ INFO ]  客户端上线；通道ID:28d4fe69
2020-01-02 15:31:29  [ nioEventLoopGroup-3-2:9491 ] - [ INFO ]  客户端注册；通道ID:acf40014
2020-01-02 15:31:29  [ nioEventLoopGroup-3-2:9491 ] - [ INFO ]  客户端上线；通道ID:acf40014
2020-01-02 15:31:40  [ nioEventLoopGroup-3-2:20994 ] - [ INFO ]  接收到客户端发来的消息：com.jian.util.ReslutUtil@314f6ece ，通道ID:acf40014
2020-01-02 15:34:04  [ nioEventLoopGroup-3-1:0 ] - [ INFO ]  客户端注册；通道ID:ad1e7e6e
2020-01-02 15:34:04  [ nioEventLoopGroup-3-1:3 ] - [ INFO ]  客户端上线；通道ID:ad1e7e6e
2020-01-02 15:34:22  [ nioEventLoopGroup-3-2:18129 ] - [ INFO ]  客户端注册；通道ID:44fb201b
2020-01-02 15:34:22  [ nioEventLoopGroup-3-2:18129 ] - [ INFO ]  客户端上线；通道ID:44fb201b
2020-01-02 15:34:29  [ nioEventLoopGroup-3-2:24666 ] - [ INFO ]  接收到客户端发来的消息：com.jian.util.ReslutUtil@21bc9314 ，通道ID:44fb201b
2020-01-02 15:35:01  [ nioEventLoopGroup-3-2:56741 ] - [ INFO ]  接收到客户端发来的消息：com.jian.util.ReslutUtil@3ea4a5c9 ，通道ID:44fb201b
2020-01-02 15:35:53  [ nioEventLoopGroup-3-1:0 ] - [ INFO ]  客户端注册；通道ID:58ed1834
2020-01-02 15:35:53  [ nioEventLoopGroup-3-1:5 ] - [ INFO ]  客户端上线；通道ID:58ed1834
2020-01-02 15:36:21  [ nioEventLoopGroup-3-1:28315 ] - [ INFO ]  客户端关闭，通道ID：58ed1834
2020-01-02 15:37:00  [ nioEventLoopGroup-3-2:66794 ] - [ INFO ]  客户端注册；通道ID:071b8ff3
2020-01-02 15:37:00  [ nioEventLoopGroup-3-2:66795 ] - [ INFO ]  客户端上线；通道ID:071b8ff3
2020-01-02 15:37:12  [ nioEventLoopGroup-3-3:78651 ] - [ INFO ]  客户端注册；通道ID:f3f1f667
2020-01-02 15:37:12  [ nioEventLoopGroup-3-3:78652 ] - [ INFO ]  客户端上线；通道ID:f3f1f667
2020-01-02 15:37:15  [ nioEventLoopGroup-3-3:82507 ] - [ INFO ]  接收到客户端发来的消息：www ，通道ID:f3f1f667
2020-01-02 15:40:13  [ nioEventLoopGroup-3-1:0 ] - [ INFO ]  客户端注册；通道ID:a62684a6
2020-01-02 15:40:13  [ nioEventLoopGroup-3-1:3 ] - [ INFO ]  客户端上线；通道ID:a62684a6
2020-01-02 15:40:18  [ nioEventLoopGroup-3-2:5035 ] - [ INFO ]  客户端注册；通道ID:176ebd00
2020-01-02 15:40:18  [ nioEventLoopGroup-3-2:5035 ] - [ INFO ]  客户端上线；通道ID:176ebd00
2020-01-02 15:40:22  [ nioEventLoopGroup-3-2:8493 ] - [ INFO ]  接收到客户端发来的消息：外网 ，通道ID:176ebd00
2020-01-02 15:40:33  [ nioEventLoopGroup-3-2:20267 ] - [ INFO ]  接收到客户端发来的消息：com.jian.util.ReslutUtil@68aa4ea ，通道ID:176ebd00
2020-01-02 15:43:25  [ nioEventLoopGroup-3-1:0 ] - [ INFO ]  客户端注册；通道ID:571a1fa1
2020-01-02 15:43:25  [ nioEventLoopGroup-3-1:4 ] - [ INFO ]  客户端上线；通道ID:571a1fa1
2020-01-02 15:43:34  [ nioEventLoopGroup-3-2:8868 ] - [ INFO ]  客户端注册；通道ID:71afe147
2020-01-02 15:43:34  [ nioEventLoopGroup-3-2:8868 ] - [ INFO ]  客户端上线；通道ID:71afe147
2020-01-02 15:43:37  [ nioEventLoopGroup-3-2:12572 ] - [ INFO ]  接收到客户端发来的消息：8888 ，通道ID:71afe147
2020-01-02 15:43:47  [ nioEventLoopGroup-3-2:22321 ] - [ INFO ]  接收到客户端发来的消息：com.jian.util.ReslutUtil@3f260ab8 ，通道ID:71afe147
2020-01-02 15:44:05  [ nioEventLoopGroup-3-2:40272 ] - [ INFO ]  接收到客户端发来的消息：com.jian.util.ReslutUtil@523f7f39 ，通道ID:71afe147
2020-01-02 15:44:10  [ nioEventLoopGroup-3-2:44992 ] - [ INFO ]  接收到客户端发来的消息：com.jian.util.ReslutUtil@1793c82f ，通道ID:71afe147
2020-01-02 15:44:14  [ nioEventLoopGroup-3-2:49049 ] - [ INFO ]  接收到客户端发来的消息：com.jian.util.ReslutUtil@18ef73af ，通道ID:71afe147
2020-01-02 15:44:15  [ nioEventLoopGroup-3-2:50256 ] - [ INFO ]  接收到客户端发来的消息：com.jian.util.ReslutUtil@415e2baa ，通道ID:71afe147
2020-01-02 15:44:15  [ nioEventLoopGroup-3-2:50496 ] - [ INFO ]  接收到客户端发来的消息：com.jian.util.ReslutUtil@68b1420f ，通道ID:71afe147
2020-01-02 15:44:15  [ nioEventLoopGroup-3-2:50656 ] - [ INFO ]  接收到客户端发来的消息：com.jian.util.ReslutUtil@61ea3d86 ，通道ID:71afe147
2020-01-02 15:45:40  [ nioEventLoopGroup-3-1:0 ] - [ INFO ]  客户端注册；通道ID:ba751df3
2020-01-02 15:45:40  [ nioEventLoopGroup-3-1:3 ] - [ INFO ]  客户端上线；通道ID:ba751df3
2020-01-02 15:45:50  [ nioEventLoopGroup-3-2:10616 ] - [ INFO ]  客户端注册；通道ID:292c86fa
2020-01-02 15:45:50  [ nioEventLoopGroup-3-2:10617 ] - [ INFO ]  客户端上线；通道ID:292c86fa
2020-01-02 15:45:55  [ nioEventLoopGroup-3-2:15725 ] - [ INFO ]  接收到客户端发来的消息：999 ，通道ID:292c86fa
2020-01-02 15:46:00  [ nioEventLoopGroup-3-2:20855 ] - [ INFO ]  接收到客户端发来的消息：com.jian.util.ReslutUtil@739c68dd ，通道ID:292c86fa
2020-01-02 15:46:22  [ nioEventLoopGroup-3-2:41922 ] - [ INFO ]  接收到客户端发来的消息：com.jian.util.ReslutUtil@5792948d ，通道ID:292c86fa
2020-01-02 15:46:29  [ nioEventLoopGroup-3-2:49050 ] - [ INFO ]  接收到客户端发来的消息：9999 ，通道ID:292c86fa
2020-01-02 15:46:45  [ nioEventLoopGroup-3-3:65130 ] - [ INFO ]  客户端注册；通道ID:1e7dbf9a
2020-01-02 15:46:45  [ nioEventLoopGroup-3-3:65130 ] - [ INFO ]  客户端上线；通道ID:1e7dbf9a
2020-01-02 15:46:55  [ nioEventLoopGroup-3-3:75774 ] - [ INFO ]  接收到客户端发来的消息：com.jian.util.ReslutUtil@71841708 ，通道ID:1e7dbf9a
2020-01-02 15:47:04  [ nioEventLoopGroup-3-2:84458 ] - [ INFO ]  接收到客户端发来的消息：com.jian.util.ReslutUtil@40a675bd ，通道ID:292c86fa
2020-01-02 15:47:58  [ nioEventLoopGroup-3-3:138276 ] - [ INFO ]  客户端关闭，通道ID：1e7dbf9a
2020-01-02 15:47:59  [ nioEventLoopGroup-3-2:139336 ] - [ INFO ]  客户端关闭，通道ID：292c86fa
2020-01-02 15:48:00  [ nioEventLoopGroup-3-1:140695 ] - [ INFO ]  客户端关闭，通道ID：ba751df3
